Arguments: 
  /usr/local/bin/node /usr/local/bin/yarn

PATH: 
  /usr/local/bin:/usr/bin:/bin:/usr/sbin:/sbin

Yarn version: 
  1.16.0

Node version: 
  10.16.0

Platform: 
  darwin x64

Trace: 
  Error: https://registry.yarnpkg.com/@xtuc/long/-/long-4.2.2.tgz: Request failed "502 Bad Gateway"
      at ResponseError.ExtendableBuiltin (/usr/local/lib/node_modules/yarn/lib/cli.js:696:66)
      at new ResponseError (/usr/local/lib/node_modules/yarn/lib/cli.js:802:124)
      at Request.<anonymous> (/usr/local/lib/node_modules/yarn/lib/cli.js:66161:16)
      at Request.emit (events.js:198:13)
      at Request.module.exports.Request.onRequestResponse (/usr/local/lib/node_modules/yarn/lib/cli.js:130467:10)
      at ClientRequest.emit (events.js:203:15)
      at HTTPParser.parserOnIncomingClient [as onIncoming] (_http_client.js:556:21)
      at HTTPParser.parserOnHeadersComplete (_http_common.js:109:17)
      at TLSSocket.socketOnData (_http_client.js:442:20)
      at TLSSocket.emit (events.js:198:13)

npm manifest: 
  {
    "name": "tg-admin",
    "version": "3.0.0",
    "description": "TargetingGates",
    "author": "TargetingGates",
    "license": "MIT",
    "scripts": {
      "dev": "cross-env BABEL_ENV=development webpack-dev-server --inline --progress --config build/webpack.dev.conf.js",
      "build:prod": "cross-env NODE_ENV=production env_config=prod node build/build.js",
      "build:sit": "cross-env NODE_ENV=sit env_config=sit node build/build.js",
      "lint": "eslint --ext .js,.vue src",
      "test": "npm run lint",
      "precommit": "lint-staged",
      "svgo": "svgo -f src/icons/svg --config=src/icons/svgo.yml"
    },
    "lint-staged": {
      "src/**/*.{js,vue}": [
        "eslint --fix",
        "git add"
      ]
    },
    "keywords": [
      "vue",
      "element-ui",
      "admin",
      "management-system",
      "admin-template"
    ],
    "dependencies": {
      "@babel/parser": "^7.4.4",
      "axios": "0.18.0",
      "babel-polyfill": "^6.26.0",
      "btoa": "^1.2.1",
      "clipboard": "1.7.1",
      "codemirror": "5.39.2",
      "connect": "3.6.6",
      "driver.js": "0.8.1",
      "dropzone": "5.2.0",
      "echarts": "4.1.0",
      "element-ui": "2.4.11",
      "fuse.js": "^3.4.2",
      "js-cookie": "2.2.0",
      "jsonlint": "1.6.3",
      "jszip": "3.1.5",
      "lodash": "^4.17.11",
      "md5": "^2.2.1",
      "mockjs": "^1.0.1-beta3",
      "moment": "^2.24.0",
      "normalize.css": "7.0.0",
      "nprogress": "0.2.0",
      "screenfull": "3.3.3",
      "sha512": "0.0.1",
      "showdown": "1.8.6",
      "sortablejs": "1.7.0",
      "tui-editor": "1.2.7",
      "vue-count-to": "1.0.13",
      "vue-i18n": "7.3.2",
      "vue-router": "3.0.2",
      "vue-splitpane": "1.0.2",
      "vuedraggable": "^2.16.0",
      "vuex": "3.0.1"
    },
    "devDependencies": {
      "@babel/preset-env": "^7.4.4",
      "@vue/babel-preset-app": "^3.7.0",
      "acorn": "^6.1.1",
      "autoprefixer": "8.5.0",
      "babel-core": "6.26.3",
      "babel-eslint": "^8.2.6",
      "babel-helper-vue-jsx-merge-props": "2.0.3",
      "babel-loader": "7.1.5",
      "babel-plugin-dynamic-import-node": "2.0.0",
      "babel-plugin-syntax-jsx": "6.18.0",
      "babel-plugin-transform-runtime": "6.23.0",
      "babel-plugin-transform-vue-jsx": "3.7.0",
      "babel-preset-env": "1.7.0",
      "babel-preset-stage-2": "6.24.1",
      "bootstrap-utilities": "^4.1.3",
      "chalk": "2.4.1",
      "compression-webpack-plugin": "2.0.0",
      "copy-webpack-plugin": "4.5.2",
      "cross-env": "5.2.0",
      "css-loader": "1.0.0",
      "eslint": "4.19.1",
      "eslint-config-standard": "^12.0.0",
      "eslint-friendly-formatter": "4.0.1",
      "eslint-loader": "2.0.0",
      "eslint-plugin-html": "^5.0.3",
      "eslint-plugin-import": "^2.16.0",
      "eslint-plugin-node": "^8.0.1",
      "eslint-plugin-promise": "^4.1.1",
      "eslint-plugin-standard": "^4.0.0",
      "eslint-plugin-vue": "4.7.1",
      "extract-text-webpack-plugin": "^3.0.2",
      "file-loader": "1.1.11",
      "file-saver": "^1.3.8",
      "friendly-errors-webpack-plugin": "1.7.0",
      "hash-sum": "1.0.2",
      "html-webpack-plugin": "4.0.0-alpha",
      "husky": "0.14.3",
      "ie-class-inheritance-polyfill": "^1.0.1",
      "lint-staged": "7.2.2",
      "mini-css-extract-plugin": "0.4.1",
      "node-notifier": "5.2.1",
      "node-sass": "^4.7.2",
      "optimize-css-assets-webpack-plugin": "5.0.0",
      "ora": "3.0.0",
      "path-to-regexp": "2.4.0",
      "portfinder": "1.0.13",
      "postcss-import": "11.1.0",
      "postcss-loader": "2.1.6",
      "postcss-url": "7.3.2",
      "query-string": "^5.1.1",
      "rimraf": "2.6.2",
      "sass-loader": "7.0.3",
      "script-ext-html-webpack-plugin": "2.0.1",
      "script-loader": "0.7.2",
      "semver": "5.5.0",
      "serve-static": "1.13.2",
      "shelljs": "0.8.2",
      "svg-sprite-loader": "3.8.0",
      "svgo": "^1.2.1",
      "uglifyjs-webpack-plugin": "1.2.7",
      "url-loader": "1.0.1",
      "vue": "2.5.17",
      "vue-loader": "15.3.0",
      "vue-style-loader": "4.1.2",
      "vue-template-compiler": "2.5.17",
      "webpack": "^4.30.0",
      "webpack-bundle-analyzer": "^3.3.2",
      "webpack-cli": "3.1.0",
      "webpack-dev-server": "3.1.14",
      "webpack-merge": "4.1.4",
      "xlsx": "^0.11.19"
    },
    "engines": {
      "node": ">= 6.0.0",
      "npm": ">= 3.0.0"
    },
    "browserslist": [
      "last 1 version",
      "> 1%",
      "not ie <= 8"
    ],
    "resolutions": {
      "webpack/acorn": "6.1.1"
    }
  }

yarn manifest: 
  No manifest

Lockfile: 
  No lockfile
